Exuvia Counter - Setup and Run
================================
Status: STARTING

Python selected: Python 3.13.5

Activating existing virtual environment...

Installing dependencies...
Looking in indexes: https://pypi.org/simple, https://www.piwheels.org/simple
Requirement already satisfied: pip in ./venv/lib/python3.13/site-packages (26.0.1)
Looking in indexes: https://pypi.org/simple, https://www.piwheels.org/simple
Requirement already satisfied: streamlit<2.0,>=1.40 in ./venv/lib/python3.13/site-packages (from -r requirements.txt (line 1)) (1.55.0)
Requirement already satisfied: opencv-python<4.14,>=4.10 in ./venv/lib/python3.13/site-packages (from -r requirements.txt (line 2)) (4.13.0.92)
Requirement already satisfied: numpy<3.0,>=2.1 in ./venv/lib/python3.13/site-packages (from -r requirements.txt (line 3)) (2.4.3)
Requirement already satisfied: pandas<3.0,>=2.2 in ./venv/lib/python3.13/site-packages (from -r requirements.txt (line 4)) (2.3.3)
Requirement already satisfied: pillow<12.0,>=11.0 in ./venv/lib/python3.13/site-packages (from -r requirements.txt (line 5)) (11.3.0)
Requirement already satisfied: openpyxl<4.0,>=3.1 in ./venv/lib/python3.13/site-packages (from -r requirements.txt (line 6)) (3.1.5)
Requirement already satisfied: scipy<2.0,>=1.14 in ./venv/lib/python3.13/site-packages (from -r requirements.txt (line 7)) (1.17.1)
Requirement already satisfied: matplotlib<4.0,>=3.9 in ./venv/lib/python3.13/site-packages (from -r requirements.txt (line 8)) (3.10.8)
Requirement already satisfied: altair!=5.4.0,!=5.4.1,<7,>=4.0 in ./venv/lib/python3.13/site-packages (from streamlit<2.0,>=1.40->-r requirements.txt (line 1)) (6.0.0)
Requirement already satisfied: blinker<2,>=1.5.0 in ./venv/lib/python3.13/site-packages (from streamlit<2.0,>=1.40->-r requirements.txt (line 1)) (1.9.0)
Requirement already satisfied: cachetools<8,>=5.5 in ./venv/lib/python3.13/site-packages (from streamlit<2.0,>=1.40->-r requirements.txt (line 1)) (7.0.5)
Requirement already satisfied: click<9,>=7.0 in ./venv/lib/python3.13/site-packages (from streamlit<2.0,>=1.40->-r requirements.txt (line 1)) (8.3.1)
Requirement already satisfied: gitpython!=3.1.19,<4,>=3.0.7 in ./venv/lib/python3.13/site-packages (from streamlit<2.0,>=1.40->-r requirements.txt (line 1)) (3.1.46)
Requirement already satisfied: packaging>=20 in ./venv/lib/python3.13/site-packages (from streamlit<2.0,>=1.40->-r requirements.txt (line 1)) (26.0)
Requirement already satisfied: pydeck<1,>=0.8.0b4 in ./venv/lib/python3.13/site-packages (from streamlit<2.0,>=1.40->-r requirements.txt (line 1)) (0.9.1)
Requirement already satisfied: protobuf<7,>=3.20 in ./venv/lib/python3.13/site-packages (from streamlit<2.0,>=1.40->-r requirements.txt (line 1)) (6.33.5)
Requirement already satisfied: pyarrow>=7.0 in ./venv/lib/python3.13/site-packages (from streamlit<2.0,>=1.40->-r requirements.txt (line 1)) (23.0.1)
Requirement already satisfied: requests<3,>=2.27 in ./venv/lib/python3.13/site-packages (from streamlit<2.0,>=1.40->-r requirements.txt (line 1)) (2.32.5)
Requirement already satisfied: tenacity<10,>=8.1.0 in ./venv/lib/python3.13/site-packages (from streamlit<2.0,>=1.40->-r requirements.txt (line 1)) (9.1.4)
Requirement already satisfied: toml<2,>=0.10.1 in ./venv/lib/python3.13/site-packages (from streamlit<2.0,>=1.40->-r requirements.txt (line 1)) (0.10.2)
Requirement already satisfied: tornado!=6.5.0,<7,>=6.0.3 in ./venv/lib/python3.13/site-packages (from streamlit<2.0,>=1.40->-r requirements.txt (line 1)) (6.5.5)
Requirement already satisfied: typing-extensions<5,>=4.10.0 in ./venv/lib/python3.13/site-packages (from streamlit<2.0,>=1.40->-r requirements.txt (line 1)) (4.15.0)
Requirement already satisfied: watchdog<7,>=2.1.5 in ./venv/lib/python3.13/site-packages (from streamlit<2.0,>=1.40->-r requirements.txt (line 1)) (6.0.0)
Requirement already satisfied: python-dateutil>=2.8.2 in ./venv/lib/python3.13/site-packages (from pandas<3.0,>=2.2->-r requirements.txt (line 4)) (2.9.0.post0)
Requirement already satisfied: pytz>=2020.1 in ./venv/lib/python3.13/site-packages (from pandas<3.0,>=2.2->-r requirements.txt (line 4)) (2026.1.post1)
Requirement already satisfied: tzdata>=2022.7 in ./venv/lib/python3.13/site-packages (from pandas<3.0,>=2.2->-r requirements.txt (line 4)) (2025.3)
Requirement already satisfied: et-xmlfile in ./venv/lib/python3.13/site-packages (from openpyxl<4.0,>=3.1->-r requirements.txt (line 6)) (2.0.0)
Requirement already satisfied: contourpy>=1.0.1 in ./venv/lib/python3.13/site-packages (from matplotlib<4.0,>=3.9->-r requirements.txt (line 8)) (1.3.3)
Requirement already satisfied: cycler>=0.10 in ./venv/lib/python3.13/site-packages (from matplotlib<4.0,>=3.9->-r requirements.txt (line 8)) (0.12.1)
Requirement already satisfied: fonttools>=4.22.0 in ./venv/lib/python3.13/site-packages (from matplotlib<4.0,>=3.9->-r requirements.txt (line 8)) (4.62.1)
Requirement already satisfied: kiwisolver>=1.3.1 in ./venv/lib/python3.13/site-packages (from matplotlib<4.0,>=3.9->-r requirements.txt (line 8)) (1.5.0)
Requirement already satisfied: pyparsing>=3 in ./venv/lib/python3.13/site-packages (from matplotlib<4.0,>=3.9->-r requirements.txt (line 8)) (3.3.2)
Requirement already satisfied: jinja2 in ./venv/lib/python3.13/site-packages (from altair!=5.4.0,!=5.4.1,<7,>=4.0->streamlit<2.0,>=1.40->-r requirements.txt (line 1)) (3.1.6)
Requirement already satisfied: jsonschema>=3.0 in ./venv/lib/python3.13/site-packages (from altair!=5.4.0,!=5.4.1,<7,>=4.0->streamlit<2.0,>=1.40->-r requirements.txt (line 1)) (4.26.0)
Requirement already satisfied: narwhals>=1.27.1 in ./venv/lib/python3.13/site-packages (from altair!=5.4.0,!=5.4.1,<7,>=4.0->streamlit<2.0,>=1.40->-r requirements.txt (line 1)) (2.18.0)
Requirement already satisfied: gitdb<5,>=4.0.1 in ./venv/lib/python3.13/site-packages (from gitpython!=3.1.19,<4,>=3.0.7->streamlit<2.0,>=1.40->-r requirements.txt (line 1)) (4.0.12)
Requirement already satisfied: smmap<6,>=3.0.1 in ./venv/lib/python3.13/site-packages (from gitdb<5,>=4.0.1->gitpython!=3.1.19,<4,>=3.0.7->streamlit<2.0,>=1.40->-r requirements.txt (line 1)) (5.0.3)
Requirement already satisfied: charset_normalizer<4,>=2 in ./venv/lib/python3.13/site-packages (from requests<3,>=2.27->streamlit<2.0,>=1.40->-r requirements.txt (line 1)) (3.4.6)
Requirement already satisfied: idna<4,>=2.5 in ./venv/lib/python3.13/site-packages (from requests<3,>=2.27->streamlit<2.0,>=1.40->-r requirements.txt (line 1)) (3.11)
Requirement already satisfied: urllib3<3,>=1.21.1 in ./venv/lib/python3.13/site-packages (from requests<3,>=2.27->streamlit<2.0,>=1.40->-r requirements.txt (line 1)) (2.6.3)
Requirement already satisfied: certifi>=2017.4.17 in ./venv/lib/python3.13/site-packages (from requests<3,>=2.27->streamlit<2.0,>=1.40->-r requirements.txt (line 1)) (2026.2.25)
Requirement already satisfied: MarkupSafe>=2.0 in ./venv/lib/python3.13/site-packages (from jinja2->altair!=5.4.0,!=5.4.1,<7,>=4.0->streamlit<2.0,>=1.40->-r requirements.txt (line 1)) (3.0.3)
Requirement already satisfied: attrs>=22.2.0 in ./venv/lib/python3.13/site-packages (from jsonschema>=3.0->altair!=5.4.0,!=5.4.1,<7,>=4.0->streamlit<2.0,>=1.40->-r requirements.txt (line 1)) (25.4.0)
Requirement already satisfied: jsonschema-specifications>=2023.03.6 in ./venv/lib/python3.13/site-packages (from jsonschema>=3.0->altair!=5.4.0,!=5.4.1,<7,>=4.0->streamlit<2.0,>=1.40->-r requirements.txt (line 1)) (2025.9.1)
Requirement already satisfied: referencing>=0.28.4 in ./venv/lib/python3.13/site-packages (from jsonschema>=3.0->altair!=5.4.0,!=5.4.1,<7,>=4.0->streamlit<2.0,>=1.40->-r requirements.txt (line 1)) (0.37.0)
Requirement already satisfied: rpds-py>=0.25.0 in ./venv/lib/python3.13/site-packages (from jsonschema>=3.0->altair!=5.4.0,!=5.4.1,<7,>=4.0->streamlit<2.0,>=1.40->-r requirements.txt (line 1)) (0.30.0)
Requirement already satisfied: six>=1.5 in ./venv/lib/python3.13/site-packages (from python-dateutil>=2.8.2->pandas<3.0,>=2.2->-r requirements.txt (line 4)) (1.17.0)

Setup complete

Status: RUNNING
Starting app...

Access at: http://localhost:8501
LAN access: http://192.168.4.35:8501
Tailscale access: http://100.94.25.6:8501

Press Ctrl+C to stop
Tip: keep this terminal running; use a second terminal for Funnel commands.


  You can now view your Streamlit app in your browser.

  Local URL: http://localhost:8501
  Network URL: http://192.168.4.35:8501
  External URL: http://38.192.91.18:8501

2026-03-17 00:14:55.410 The fragment with id 806aa1041dbf72bf2a8246bed6ccce9b does not exist anymore - it might have been removed during a preceding full-app rerun.
2026-03-17 00:14:55.426 The fragment with id 806aa1041dbf72bf2a8246bed6ccce9b does not exist anymore - it might have been removed during a preceding full-app rerun.
2026-03-17 00:14:55.464 The fragment with id 806aa1041dbf72bf2a8246bed6ccce9b does not exist anymore - it might have been removed during a preceding full-app rerun.
Picamera2 not available. Fallback to OpenCV webcam.
INFO:camera:CLI camera fallback initialized using rpicam-jpeg
INFO:data_manager:Loaded existing log: data/exuvia_log.xlsx
INFO:camera:Preview stream started with rpicam-still at 1332x990 10fps
INFO:camera:Preview stream started with rpicam-still at 2028x1520 5fps
INFO:camera:Preview stream started with rpicam-still at 1332x990 10fps
INFO:camera:Preview stream started with rpicam-still at 2028x1520 5fps
INFO:camera:Preview stream started with rpicam-still at 1332x990 10fps
INFO:camera:Preview stream started with rpicam-still at 1332x990 10fps
INFO:camera:Preview stream started with rpicam-still at 2028x1520 5fps
INFO:camera:Preview stream started with rpicam-still at 1332x990 10fps
INFO:camera:Preview stream started with rpicam-still at 2028x1520 5fps
Corrupt JPEG data: premature end of data segment
